<?xml version="1.0" encoding="UTF-8"?>
<!-- Generated by org.testng.reporters.JUnitXMLReporter -->
<testsuite ignored="0" hostname="DESKTOP-G6F6962" failures="3" tests="20" name="Test" time="289.354" errors="0" timestamp="2024-01-01T12:47:42 IST">
  <testcase classname="com.E2E.tests.SearchResultsPageTest" name="ClickOnFlipkart" time="11.043"/>
  <testcase classname="com.E2E.tests.LandingPageTest" name="EnterTextInSearchField" time="3.265"/>
  <testcase classname="com.E2E.tests.FlipkartLoginPageTest" name="loginToFlipkart" time="7.224"/>
  <testcase classname="com.E2E.tests.FlipkartLandingPageTest" name="ClickOnMobiles" time="8.227"/>
  <testcase classname="com.E2E.tests.FlipkartLandingPageTest" name="gamingAllFromElectronicsCategory" time="15.116"/>
  <testcase classname="com.E2E.tests.FlipkartLandingPageTest" name="selectAppliancesCategory" time="10.297"/>
  <testcase classname="com.E2E.tests.FlipkartLandingPageTest" name="selectGroceryCategory" time="12.084"/>
  <testcase classname="com.E2E.tests.FlipkartLandingPageTest" name="selectMobileCategory" time="8.356"/>
  <testcase classname="com.E2E.tests.FlipkartLandingPageTest" name="selectTravelCategory" time="11.155"/>
  <testcase classname="com.E2E.tests.FlipkartLandingPageTest" name="verifyFlipkartlogo" time="5.957"/>
  <testcase classname="com.E2E.tests.FlipkartLandingPageTest" name="verifyribbonsIsDisplayed" time="6.596"/>
  <testcase classname="com.E2E.tests.GroceryPageTest" name="addtoCartFromDefaultProducts" time="12.274"/>
  <testcase classname="com.E2E.tests.GroceryPageTest" name="searchForSpecificProduct" time="8.34">
    <skipped/>
  </testcase> <!-- searchForSpecificProduct -->
  <testcase classname="com.E2E.tests.GroceryPageTest" name="searchForSpecificProduct" time="8.309">
    <failure type="java.lang.AssertionError" message="expected [true] but found [false]">
      <![CDATA[java.lang.AssertionError: expected [true] but found [false]
at com.E2E.tests.GroceryPageTest.searchForSpecificProduct(GroceryPageTest.java:42)
at java.base/java.util.ArrayList.forEach(ArrayList.java:1541)
... Removed 31 stack frames]]>
    </failure>
  </testcase> <!-- searchForSpecificProduct -->
  <testcase classname="com.E2E.tests.FlipkartMobilesPageTest" name="searchSpecificMobile" time="11.021"/>
  <testcase classname="com.E2E.tests.FlipkartMobilesPageTest" name="selectMobileFromDefaultList" time="16.537">
    <skipped/>
  </testcase> <!-- selectMobileFromDefaultList -->
  <testcase classname="com.E2E.tests.FlipkartMobilesPageTest" name="selectMobileFromDefaultList" time="16.205">
    <failure type="org.openqa.selenium.TimeoutException" message="Expected condition failed: waiting for visibility of element located by By.xpath: //div[@class=&amp;apos;_3YgSsQ&amp;apos;] //a[@class=&amp;apos;s1Q9rs&amp;apos;] (tried for 7 second(s) with 500 milliseconds interval)
Build info: version: &amp;apos;4.16.1&amp;apos;, revision: &amp;apos;9b4c83354e&amp;apos;
System info: os.name: &amp;apos;Windows 10&amp;apos;, os.arch: &amp;apos;amd64&amp;apos;, os.version: &amp;apos;10.0&amp;apos;, java.version: &amp;apos;11.0.11&amp;apos;
Driver info: org.openqa.selenium.chrome.ChromeDriver
Capabilities {acceptInsecureCerts: false, browserName: chrome-headless-shell, browserVersion: 120.0.6099.130, chrome: {chromedriverVersion: 120.0.6099.109 (3419140ab66..., userDataDir: C:\Users\sudhe\AppData\Loca...}, fedcm:accounts: true, goog:chromeOptions: {debuggerAddress: localhost:49672}, networkConnectionEnabled: false, pageLoadStrategy: normal, platformName: windows, proxy: Proxy(), se:cdp: ws://localhost:49672/devtoo..., se:cdpVersion: 120.0.6099.130, setWindowRect: true, strictFileInteractability: false, timeouts: {implicit: 0, pageLoad: 300000, script: 30000}, unhandledPromptBehavior: dismiss and notify, webauthn:extension:credBlob: true, webauthn:extension:largeBlob: true, webauthn:extension:minPinLength: true, webauthn:extension:prf: true, webauthn:virtualAuthenticators: true}
Session ID: acc84aaa66383b3986c5459d44682868">
      <![CDATA[org.openqa.selenium.TimeoutException: Expected condition failed: waiting for visibility of element located by By.xpath: //div[@class='_3YgSsQ'] //a[@class='s1Q9rs'] (tried for 7 second(s) with 500 milliseconds interval)
Build info: version: '4.16.1', revision: '9b4c83354e'
System info: os.name: 'Windows 10', os.arch: 'amd64', os.version: '10.0', java.version: '11.0.11'
Driver info: org.openqa.selenium.chrome.ChromeDriver
Capabilities {acceptInsecureCerts: false, browserName: chrome-headless-shell, browserVersion: 120.0.6099.130, chrome: {chromedriverVersion: 120.0.6099.109 (3419140ab66..., userDataDir: C:\Users\sudhe\AppData\Loca...}, fedcm:accounts: true, goog:chromeOptions: {debuggerAddress: localhost:49672}, networkConnectionEnabled: false, pageLoadStrategy: normal, platformName: windows, proxy: Proxy(), se:cdp: ws://localhost:49672/devtoo..., se:cdpVersion: 120.0.6099.130, setWindowRect: true, strictFileInteractability: false, timeouts: {implicit: 0, pageLoad: 300000, script: 30000}, unhandledPromptBehavior: dismiss and notify, webauthn:extension:credBlob: true, webauthn:extension:largeBlob: true, webauthn:extension:minPinLength: true, webauthn:extension:prf: true, webauthn:virtualAuthenticators: true}
Session ID: acc84aaa66383b3986c5459d44682868
at org.openqa.selenium.support.ui.WebDriverWait.timeoutException(WebDriverWait.java:84)
at org.openqa.selenium.support.ui.FluentWait.until(FluentWait.java:229)
at com.E2E.Utils.CommonActions.visibilityOfElementLocated(CommonActions.java:34)
at com.E2E.pagefactory.FlipkartMobilePage.selectMobile(FlipkartMobilePage.java:34)
at com.E2E.tests.FlipkartMobilesPageTest.selectMobileFromDefaultList(FlipkartMobilesPageTest.java:23)
at java.base/java.util.ArrayList.forEach(ArrayList.java:1541)
... Removed 27 stack frames]]>
    </failure>
  </testcase> <!-- selectMobileFromDefaultList -->
  <testcase classname="com.E2E.tests.FlipkartCartPageTest" name="verfiyProductAddedToCartPage" time="12.777">
    <failure type="org.openqa.selenium.NoSuchElementException" message="no such element: Unable to locate element: {&amp;quot;method&amp;quot;:&amp;quot;xpath&amp;quot;,&amp;quot;selector&amp;quot;:&amp;quot;//div[@class=&amp;apos;_-4o6jJ&amp;apos;] //a&amp;quot;}
  (Session info: chrome-headless-shell=120.0.6099.130)
For documentation on this error, please visit: https://www.selenium.dev/documentation/webdriver/troubleshooting/errors#no-such-element-exception
Build info: version: &amp;apos;4.16.1&amp;apos;, revision: &amp;apos;9b4c83354e&amp;apos;
System info: os.name: &amp;apos;Windows 10&amp;apos;, os.arch: &amp;apos;amd64&amp;apos;, os.version: &amp;apos;10.0&amp;apos;, java.version: &amp;apos;11.0.11&amp;apos;
Driver info: org.openqa.selenium.chrome.ChromeDriver
Command: [be363f04b0d08a0649976ee4ceaab68d, findElement {using=xpath, value=//div[@class=&amp;apos;_-4o6jJ&amp;apos;] //a}]
Capabilities {acceptInsecureCerts: false, browserName: chrome-headless-shell, browserVersion: 120.0.6099.130, chrome: {chromedriverVersion: 120.0.6099.109 (3419140ab66..., userDataDir: C:\Users\sudhe\AppData\Loca...}, fedcm:accounts: true, goog:chromeOptions: {debuggerAddress: localhost:49740}, networkConnectionEnabled: false, pageLoadStrategy: normal, platformName: windows, proxy: Proxy(), se:cdp: ws://localhost:49740/devtoo..., se:cdpVersion: 120.0.6099.130, setWindowRect: true, strictFileInteractability: false, timeouts: {implicit: 0, pageLoad: 300000, script: 30000}, unhandledPromptBehavior: dismiss and notify, webauthn:extension:credBlob: true, webauthn:extension:largeBlob: true, webauthn:extension:minPinLength: true, webauthn:extension:prf: true, webauthn:virtualAuthenticators: true}
Session ID: be363f04b0d08a0649976ee4ceaab68d">
      <![CDATA[org.openqa.selenium.NoSuchElementException: no such element: Unable to locate element: {"method":"xpath","selector":"//div[@class='_-4o6jJ'] //a"}
  (Session info: chrome-headless-shell=120.0.6099.130)
For documentation on this error, please visit: https://www.selenium.dev/documentation/webdriver/troubleshooting/errors#no-such-element-exception
Build info: version: '4.16.1', revision: '9b4c83354e'
System info: os.name: 'Windows 10', os.arch: 'amd64', os.version: '10.0', java.version: '11.0.11'
Driver info: org.openqa.selenium.chrome.ChromeDriver
Command: [be363f04b0d08a0649976ee4ceaab68d, findElement {using=xpath, value=//div[@class='_-4o6jJ'] //a}]
Capabilities {acceptInsecureCerts: false, browserName: chrome-headless-shell, browserVersion: 120.0.6099.130, chrome: {chromedriverVersion: 120.0.6099.109 (3419140ab66..., userDataDir: C:\Users\sudhe\AppData\Loca...}, fedcm:accounts: true, goog:chromeOptions: {debuggerAddress: localhost:49740}, networkConnectionEnabled: false, pageLoadStrategy: normal, platformName: windows, proxy: Proxy(), se:cdp: ws://localhost:49740/devtoo..., se:cdpVersion: 120.0.6099.130, setWindowRect: true, strictFileInteractability: false, timeouts: {implicit: 0, pageLoad: 300000, script: 30000}, unhandledPromptBehavior: dismiss and notify, webauthn:extension:credBlob: true, webauthn:extension:largeBlob: true, webauthn:extension:minPinLength: true, webauthn:extension:prf: true, webauthn:virtualAuthenticators: true}
Session ID: be363f04b0d08a0649976ee4ceaab68d
at org.openqa.selenium.remote.codec.w3c.W3CHttpResponseCodec.createException(W3CHttpResponseCodec.java:200)
at org.openqa.selenium.remote.codec.w3c.W3CHttpResponseCodec.decode(W3CHttpResponseCodec.java:133)
at org.openqa.selenium.remote.codec.w3c.W3CHttpResponseCodec.decode(W3CHttpResponseCodec.java:52)
at org.openqa.selenium.remote.HttpCommandExecutor.execute(HttpCommandExecutor.java:191)
at org.openqa.selenium.remote.service.DriverCommandExecutor.invokeExecute(DriverCommandExecutor.java:200)
at org.openqa.selenium.remote.service.DriverCommandExecutor.execute(DriverCommandExecutor.java:175)
at org.openqa.selenium.remote.RemoteWebDriver.execute(RemoteWebDriver.java:523)
at org.openqa.selenium.remote.ElementLocation$ElementFinder$2.findElement(ElementLocation.java:165)
at org.openqa.selenium.remote.ElementLocation.findElement(ElementLocation.java:59)
at org.openqa.selenium.remote.RemoteWebDriver.findElement(RemoteWebDriver.java:360)
at org.openqa.selenium.remote.RemoteWebDriver.findElement(RemoteWebDriver.java:354)
at org.openqa.selenium.support.pagefactory.DefaultElementLocator.findElement(DefaultElementLocator.java:68)
at org.openqa.selenium.support.pagefactory.internal.LocatingElementHandler.invoke(LocatingElementHandler.java:38)
at com.sun.proxy.$Proxy14.isDisplayed(Unknown Source)
at com.E2E.pagefactory.FlipkartCartPage.productName(FlipkartCartPage.java:89)
at com.E2E.tests.FlipkartCartPageTest.verfiyProductAddedToCartPage(FlipkartCartPageTest.java:28)
at java.base/java.util.ArrayList.forEach(ArrayList.java:1541)
... Removed 30 stack frames]]>
    </failure>
  </testcase> <!-- verfiyProductAddedToCartPage -->
  <testcase classname="com.E2E.tests.FlipkartElectronics_GamingAllTest" name="selectRadomProductFromList" time="10.655"/>
  <testcase classname="com.E2E.tests.FlipkartElectronics_GamingAllTest" name="verifyproductlistIsDisplayed" time="13.773"/>
</testsuite> <!-- Test -->
